<?xml version="1.0" encoding="UTF-8"?>
<!-- Generated by org.testng.reporters.JUnitXMLReporter -->
<testsuite ignored="0" hostname="DESKTOP-3R73L8V" failures="1" tests="3" name="Test" time="27.935" errors="0" timestamp="2019-11-24T14:36:35 IST">
  <testcase classname="allureReports.Tests" name="logoPresence" time="0.391"/>
  <testcase classname="allureReports.Tests" name="loginTest" time="7.753">
    <failure type="java.lang.AssertionError" message="expected [nopCommerce demo store123] but found [nopCommerce demo store]">
      <![CDATA[java.lang.AssertionError: expected [nopCommerce demo store123] but found [nopCommerce demo store]
at allureReports.Tests.loginTest(Tests.java:60)
at java.base/java.util.ArrayList.forEach(ArrayList.java:1540)
... Removed 35 stack frames]]>
    </failure>
  </testcase> <!-- loginTest -->
  <testcase classname="allureReports.Tests" name="registrationTest" time="0.018">
    <skipped/>
  </testcase> <!-- registrationTest -->
</testsuite> <!-- Test -->
